<?xml version="1.0" encoding="UTF-8"?>
<!-- Generated by org.testng.reporters.JUnitReportReporter -->
<testsuite hostname="DESKTOP-68SHAQO" failures="0" tests="4" name="com.qa.test.DemoTest1" time="0.003" errors="0" timestamp="2023-05-15T19:44:28 BST" skipped="0">
  <testcase classname="com.qa.test.DemoTest1" name="div" time="0.001"/>
  <system-out/>
  <testcase classname="com.qa.test.DemoTest1" name="sub" time="0.001"/>
  <system-out/>
  <testcase classname="com.qa.test.DemoTest1" name="multiplication" time="0.001"/>
  <system-out/>
  <testcase classname="com.qa.test.DemoTest1" name="sum" time="0.000"/>
  <system-out/>
</testsuite> <!-- com.qa.test.DemoTest1 -->
